<?xml version="1.0" encoding="UTF-8"?>
<!-- Generated by org.testng.reporters.JUnitReportReporter -->
<testsuite hostname="DESKTOP-B2VFFSA" name="phptravelsTNG.login" tests="3" failures="0" timestamp="26 Nov 2020 16:15:28 GMT" time="26.942" errors="0">
  <testcase name="hoteldes" time="11.080" classname="phptravelsTNG.login"/>
  <testcase name="chkinout" time="2.062" classname="phptravelsTNG.login"/>
  <testcase name="loginvalidation" time="13.800" classname="phptravelsTNG.login"/>
</testsuite> <!-- phptravelsTNG.login -->
